Please specify a valid ruby command or the path of a script to run.
Run 'bin/rails runner -h' for help.

undefined local variable or method `cron' for #<Parser:0x0000555ea92dced8>
Please specify a valid ruby command or the path of a script to run.
Run 'bin/rails runner -h' for help.

/home/master/Work/scrapper/app/services/parser.rb:10: syntax error, unexpected (, expecting ')'
                        (url, :ssl_verify_mode => OpenS
                         ^
/home/master/Work/scrapper/app/services/parser.rb:10: syntax error, unexpected =>, expecting &. or :: or '[' or '.'
     (url, :ssl_verify_mode => OpenSSL::SSL::VERIFY_NONE) )
                              ^
/home/master/Work/scrapper/app/services/parser.rb:10: syntax error, unexpected ')', expecting keyword_end
> OpenSSL::SSL::VERIFY_NONE) )
                              ^
/home/master/Work/scrapper/app/services/parser.rb:26: syntax error, unexpected (, expecting ')'
                  (second_url, :ssl_verify_mode =
                   ^
/home/master/Work/scrapper/app/services/parser.rb:26: syntax error, unexpected =>, expecting &. or :: or '[' or '.'
econd_url, :ssl_verify_mode => OpenSSL::SSL::VERIFY_NONE) )
                              ^
/home/master/Work/scrapper/app/services/parser.rb:26: syntax error, unexpected ')', expecting keyword_end
> OpenSSL::SSL::VERIFY_NONE) )
                              ^
bundler: failed to load command: bin/rails (bin/rails)
SocketError: Failed to open TCP connection to ria.ru:443 (getaddrinfo: Temporary failure in name resolution)
  /home/master/.rbenv/versions/2.4.2/lib/ruby/2.4.0/net/http.rb:906:in `rescue in block in connect'
  /home/master/.rbenv/versions/2.4.2/lib/ruby/2.4.0/net/http.rb:903:in `block in connect'
  /home/master/.rbenv/versions/2.4.2/lib/ruby/2.4.0/timeout.rb:93:in `block in timeout'
  /home/master/.rbenv/versions/2.4.2/lib/ruby/2.4.0/timeout.rb:103:in `timeout'
  /home/master/.rbenv/versions/2.4.2/lib/ruby/2.4.0/net/http.rb:902:in `connect'
  /home/master/.rbenv/versions/2.4.2/lib/ruby/2.4.0/net/http.rb:887:in `do_start'
  /home/master/.rbenv/versions/2.4.2/lib/ruby/2.4.0/net/http.rb:876:in `start'
  /home/master/.rbenv/versions/2.4.2/lib/ruby/2.4.0/open-uri.rb:323:in `open_http'
  /home/master/.rbenv/versions/2.4.2/lib/ruby/2.4.0/open-uri.rb:741:in `buffer_open'
  /home/master/.rbenv/versions/2.4.2/lib/ruby/2.4.0/open-uri.rb:212:in `block in open_loop'
  /home/master/.rbenv/versions/2.4.2/lib/ruby/2.4.0/open-uri.rb:210:in `catch'
  /home/master/.rbenv/versions/2.4.2/lib/ruby/2.4.0/open-uri.rb:210:in `open_loop'
  /home/master/.rbenv/versions/2.4.2/lib/ruby/2.4.0/open-uri.rb:151:in `open_uri'
  /home/master/.rbenv/versions/2.4.2/lib/ruby/2.4.0/open-uri.rb:721:in `open'
  /home/master/.rbenv/versions/2.4.2/lib/ruby/2.4.0/open-uri.rb:35:in `open'
  /home/master/Work/scrapper/app/services/parser.rb:9:in `perform'
  /home/master/.rbenv/versions/2.4.2/lib/ruby/gems/2.4.0/gems/railties-5.1.5/lib/rails/commands/runner/runner_command.rb:37:in `perform'
  /home/master/.rbenv/versions/2.4.2/lib/ruby/gems/2.4.0/gems/railties-5.1.5/lib/rails/commands/runner/runner_command.rb:37:in `eval'
  /home/master/.rbenv/versions/2.4.2/lib/ruby/gems/2.4.0/gems/railties-5.1.5/lib/rails/commands/runner/runner_command.rb:37:in `perform'
  /home/master/.rbenv/versions/2.4.2/lib/ruby/gems/2.4.0/gems/thor-0.20.0/lib/thor/command.rb:27:in `run'
  /home/master/.rbenv/versions/2.4.2/lib/ruby/gems/2.4.0/gems/thor-0.20.0/lib/thor/invocation.rb:126:in `invoke_command'
  /home/master/.rbenv/versions/2.4.2/lib/ruby/gems/2.4.0/gems/thor-0.20.0/lib/thor.rb:387:in `dispatch'
  /home/master/.rbenv/versions/2.4.2/lib/ruby/gems/2.4.0/gems/railties-5.1.5/lib/rails/command/base.rb:63:in `perform'
  /home/master/.rbenv/versions/2.4.2/lib/ruby/gems/2.4.0/gems/railties-5.1.5/lib/rails/command.rb:44:in `invoke'
  /home/master/.rbenv/versions/2.4.2/lib/ruby/gems/2.4.0/gems/railties-5.1.5/lib/rails/commands.rb:16:in `<top (required)>'
  bin/rails:4:in `require'
  bin/rails:4:in `<top (required)>'
Please specify a valid ruby command or the path of a script to run.
Run 'bin/rails runner -h' for help.

uninitialized constant ApplicationRecord::UnionHack
Please specify a valid ruby command or the path of a script to run.
Run 'bin/rails runner -h' for help.

uninitialized constant NewSLine::UnionHack
Please specify a valid ruby command or the path of a script to run.
Run 'bin/rails runner -h' for help.

undefined method `css' for nil:NilClass
Please specify a valid ruby command or the path of a script to run.
Run 'bin/rails runner -h' for help.

uninitialized constant Rails::Command::RunnerCommand::Parser_self
Please specify a valid ruby command or the path of a script to run.
Run 'bin/rails runner -h' for help.

undefined method `link' for #<Feedjira::Parser::RSSEntry:0x00005580864e41a0>
W, [2018-03-27T16:35:52.932036 #19276]  WARN -- Feedjira: Failed to parse last modified ''
